================================================================================
📊 FINANCIAL SENTIMENT ANALYSIS PROJECT - FINAL STATUS REPORT
================================================================================

🎯 PROJECT COMPLETION STATUS:
✅ Complete ML Pipeline implemented
✅ Data loading and validation working
✅ EDA with beautiful visualizations
✅ Text preprocessing with financial normalization
✅ TF-IDF vectorization working
✅ Naive Bayes model training successful
✅ Cross-validation implemented with small dataset handling
✅ Comprehensive evaluation metrics and plots
✅ Model persistence (saving/loading)
✅ Django web interface structure ready
✅ Final model accuracy: 70.4%

================================================================================
📋 MAIN.PY vs RUN.PY - KEY DIFFERENCES
================================================================================

📄 main.py (ML Pipeline Core):
   • PURPOSE: Direct machine learning pipeline execution
   • FUNCTIONALITY:
     - Data loading and validation
     - Exploratory data analysis with visualizations
     - Text preprocessing and cleaning
     - Feature extraction (TF-IDF/Count vectorization)
     - Model training with Naive Bayes
     - Cross-validation with intelligent fold adjustment
     - Comprehensive evaluation and metrics
     - Model persistence and reporting
   • USAGE:
     - python main.py                    # Default parameters
     - python main.py --alpha 1.5        # Custom smoothing
     - python main.py --max-features 5000 # Limit vocabulary
     - python main.py --vectorizer count  # Use count vectorizer
     - python main.py --config config.json # Custom configuration

🚀 run.py (Project Manager/Runner):
   • PURPOSE: Easy project management and operations
   • FUNCTIONALITY:
     - Environment setup and dependency installation
     - Project health monitoring and status checks
     - Simplified pipeline execution
     - Web server management
     - Demo and testing utilities
   • USAGE:
     - python run.py --setup      # Initial project setup
     - python run.py --status     # Check project health
     - python run.py --pipeline   # Run ML pipeline
     - python run.py --web        # Start web interface
     - python run.py --demo       # Quick demonstration

================================================================================
🔄 WORKFLOW RECOMMENDATIONS
================================================================================

👥 For Beginners/General Use:
   1. python run.py --setup     # Set up everything automatically
   2. python run.py --status    # Verify all components are ready
   3. python run.py --demo      # Try a quick demonstration
   4. python run.py --web       # Launch the web interface

🧑‍💻 For ML Practitioners/Researchers:
   1. python main.py --alpha 2.0 --max-features 8000  # Experiment
   2. python main.py --config experiments/config1.json  # A/B test
   3. python main.py --vectorizer count --no-report    # Quick test

================================================================================
📈 TECHNICAL ACHIEVEMENTS
================================================================================

🔧 Advanced Features Implemented:
   • Smart cross-validation with automatic fold adjustment
   • Financial text preprocessing (ticker normalization, etc.)
   • Comprehensive error handling and logging
   • Beautiful visualizations (word clouds, confusion matrices)
   • RESTful API endpoints for model predictions
   • Modular, extensible architecture
   • Configuration-driven design

📊 Model Performance:
   • Dataset: 5,842 financial text samples
   • Classes: Positive (1,852), Negative (860), Neutral (3,130)
   • Final Accuracy: 70.4%
   • Cross-validation: 68.4% ± 2.2%
   • Processing time: ~24 seconds for full pipeline

🌐 Web Interface Components:
   • Django-based web application
   • Interactive sentiment prediction demo
   • REST API for batch predictions
   • Model information and status endpoints
   • Beautiful, responsive HTML templates

================================================================================
✨ PROJECT IS COMPLETE AND FULLY FUNCTIONAL!
================================================================================

🚀 Next Steps:
   1. Run 'python run.py --status' to verify everything is working
   2. Try 'python main.py' to see the full ML pipeline in action
   3. Use 'python run.py --web' to launch the web interface
   4. Experiment with different parameters using main.py
   5. Deploy to production or extend with new features!

📝 Key Files Created/Enhanced:
   • main.py - Complete ML pipeline with CLI
   • run.py - Project management script
   • utils/*.py - Modular ML components
   • sentiment_project/ - Django web application
   • config.py - Centralized configuration
   • Various visualization and evaluation outputs
