nohup: ignoring input
🤖 Financial Sentiment Analysis Project
Understanding main.py vs run.py
======================================================================
DIFFERENCE BETWEEN main.py AND run.py
======================================================================

📄 main.py - The ML Pipeline Core:
   • Contains the complete machine learning pipeline
   • Handles data loading, preprocessing, training, evaluation
   • Command-line interface for ML operations
   • Advanced configuration and parameter tuning
   • Generates models, reports, and visualizations
   • Direct control over ML hyperparameters

   Usage examples:
   - python main.py                           # Run with defaults
   - python main.py --alpha 1.5 --max-features 5000
   - python main.py --config custom_config.json

🚀 run.py - The Project Manager/Runner:
   • Easy-to-use wrapper script
   • Manages different project operations
   • Handles environment setup automatically
   • Provides simple commands for common tasks
   • Status checking and health monitoring
   • Web server management

   Usage examples:
   - python run.py --setup                   # Initial setup
   - python run.py --pipeline                # Run ML pipeline
   - python run.py --web                     # Start web server
   - python run.py --demo                    # Quick demo
   - python run.py --status                  # Check status

🔄 Workflow Comparison:

   Direct ML Approach (main.py):
   1. python main.py --alpha 2.0 --vectorizer tfidf
   ➜ Runs ML pipeline with specific parameters

   Project Management Approach (run.py):
   1. python run.py --setup      # Set up environment
   2. python run.py --status     # Check readiness
   3. python run.py --pipeline   # Run the pipeline
   4. python run.py --web        # Start web interface

💡 When to use which:
   • Use main.py when:
     - You want direct control over ML parameters
     - Experimenting with different configurations
     - Integrating into other ML workflows
     - Need detailed ML pipeline control

   • Use run.py when:
     - First time setting up the project
     - Want simple, guided operations
     - Managing multiple project components
     - Need quick demos or status checks
======================================================================

📁 PROJECT STRUCTURE STATUS:
--------------------------------------------------
✅ main.py                             (ML Pipeline Core)
✅ run.py                              (Project Runner)
✅ config.py                           (Configuration)
✅ requirements.txt                    (Dependencies)
✅ data/financial_sentiment.csv        (Dataset)
✅ utils/loader.py                     (Data Loader)
✅ utils/preprocess.py                 (Text Preprocessor)
✅ utils/vectorizer.py                 (Feature Extractor)
✅ utils/model.py                      (ML Model)
✅ utils/evaluator.py                  (Evaluator)
✅ manage.py                           (Django Manager)
✅ sentiment_project/settings.py       (Django Settings)
✅ sentiment_app/views.py              (Web Views)

🎯 USAGE GUIDE:
--------------------------------------------------
1. First-time setup:
   python run.py --setup

2. Check everything is ready:
   python run.py --status

3. Run the ML pipeline:
   python run.py --pipeline
   # OR for custom parameters:
   python main.py --alpha 1.5 --max-features 8000

4. Start the web interface:
   python run.py --web
   # Then visit http://127.0.0.1:8000/

5. Quick demo:
   python run.py --demo

======================================================================
✨ Project is ready to use!
Start with: python run.py --status
======================================================================
